<?xml version="1.0" encoding="UTF-8"?>
<!-- Generated by org.testng.reporters.JUnitReportReporter -->
<testsuite hostname="Amrit" failures="0" tests="1" name="test.HomePageTest" time="12.930" errors="0" timestamp="3 Feb 2019 21:05:24 GMT">
  <testcase classname="test.HomePageTest" name="loginPageTitleTest" time="12.930"/>
</testsuite> <!-- test.HomePageTest -->
